app/build/intermediates/manifest_merge_blame_file/debug/processDebugMainManifest/manifest-merger-blame-debug-report.txt
1<?xml version="1.0" encoding="utf-8"?>
2<manifest xmlns:android="http://schemas.android.com/apk/res/android"
3    package="com.example.codesgram"
4    android:versionCode="1"
5    android:versionName="1.0" >
6
7    <uses-sdk
8        android:minSdkVersion="30"
9        android:targetSdkVersion="34" />
10
11    <uses-permission android:name="android.permission.INTERNET" />
11-->src\main\AndroidManifest.xml:5:5-66
11-->src\main\AndroidManifest.xml:5:22-64
12    <uses-permission android:name="android.permission.ACCESS_NETWORK_STATE" />
12-->src\main\AndroidManifest.xml:6:5-78
12-->src\main\AndroidManifest.xml:6:22-76
13    <uses-permission android:name="android.permission.POST_NOTIFICATIONS" />
13-->[com.google.firebase:firebase-messaging:24.1.0] AndroidManifest.xml:23:5-77
13-->[com.google.firebase:firebase-messaging:24.1.0] AndroidManifest.xml:23:22-74
14    <uses-permission android:name="android.permission.WAKE_LOCK" /> <!-- Required by older versions of Google Play services to create IID tokens -->
14-->[com.google.firebase:firebase-messaging:24.1.0] AndroidManifest.xml:24:5-68
14-->[com.google.firebase:firebase-messaging:24.1.0] AndroidManifest.xml:24:22-65
15    <uses-permission android:name="com.google.android.c2dm.permission.RECEIVE" />
15-->[com.google.firebase:firebase-messaging:24.1.0] AndroidManifest.xml:26:5-82
15-->[com.google.firebase:firebase-messaging:24.1.0] AndroidManifest.xml:26:22-79
16    <uses-permission android:name="android.permission.USE_BIOMETRIC" /> <!-- suppress DeprecatedClassUsageInspection -->
16-->[androidx.biometric:biometric:1.2.0-alpha05] AndroidManifest.xml:22:5-72
16-->[androidx.biometric:biometric:1.2.0-alpha05] AndroidManifest.xml:22:22-69
17    <uses-permission android:name="android.permission.USE_FINGERPRINT" />
17-->[androidx.biometric:biometric:1.2.0-alpha05] AndroidManifest.xml:25:5-74
17-->[androidx.biometric:biometric:1.2.0-alpha05] AndroidManifest.xml:25:22-71
18
19    <queries>
19-->[com.razorpay:standard-core:1.6.51] AndroidManifest.xml:10:5-39:15
20        <intent>
20-->[com.razorpay:standard-core:1.6.51] AndroidManifest.xml:11:9-17:18
21            <action android:name="android.intent.action.VIEW" />
21-->[com.google.firebase:firebase-auth:23.1.0] AndroidManifest.xml:36:17-69
21-->[com.google.firebase:firebase-auth:23.1.0] AndroidManifest.xml:36:25-66
22
23            <data
23-->[com.google.firebase:firebase-auth:23.1.0] AndroidManifest.xml:41:17-44:51
24                android:mimeType="*/*"
25                android:scheme="*" />
25-->[com.google.firebase:firebase-auth:23.1.0] AndroidManifest.xml:44:21-48
26        </intent>
27        <intent>
27-->[com.razorpay:standard-core:1.6.51] AndroidManifest.xml:18:9-27:18
28            <action android:name="android.intent.action.VIEW" />
28-->[com.google.firebase:firebase-auth:23.1.0] AndroidManifest.xml:36:17-69
28-->[com.google.firebase:firebase-auth:23.1.0] AndroidManifest.xml:36:25-66
29
30            <category android:name="android.intent.category.BROWSABLE" />
30-->[com.google.firebase:firebase-auth:23.1.0] AndroidManifest.xml:39:17-78
30-->[com.google.firebase:firebase-auth:23.1.0] AndroidManifest.xml:39:27-75
31
32            <data
32-->[com.google.firebase:firebase-auth:23.1.0] AndroidManifest.xml:41:17-44:51
33                android:host="pay"
33-->[com.google.firebase:firebase-auth:23.1.0] AndroidManifest.xml:42:21-49
34                android:mimeType="*/*"
35                android:scheme="upi" />
35-->[com.google.firebase:firebase-auth:23.1.0] AndroidManifest.xml:44:21-48
36        </intent>
37        <intent>
37-->[com.razorpay:standard-core:1.6.51] AndroidManifest.xml:28:9-30:18
38            <action android:name="android.intent.action.MAIN" />
38-->src\main\AndroidManifest.xml:24:17-69
38-->src\main\AndroidManifest.xml:24:25-66
39        </intent>
40        <intent>
40-->[com.razorpay:standard-core:1.6.51] AndroidManifest.xml:31:9-35:18
41            <action android:name="android.intent.action.SEND" />
41-->[com.razorpay:standard-core:1.6.51] AndroidManifest.xml:32:13-65
41-->[com.razorpay:standard-core:1.6.51] AndroidManifest.xml:32:21-62
42
43            <data android:mimeType="*/*" />
43-->[com.google.firebase:firebase-auth:23.1.0] AndroidManifest.xml:41:17-44:51
44        </intent>
45        <intent>
45-->[com.razorpay:standard-core:1.6.51] AndroidManifest.xml:36:9-38:18
46            <action android:name="rzp.device_token.share" />
46-->[com.razorpay:standard-core:1.6.51] AndroidManifest.xml:37:13-61
46-->[com.razorpay:standard-core:1.6.51] AndroidManifest.xml:37:21-58
47        </intent>
48    </queries>
49
50    <uses-permission android:name="com.google.android.providers.gsf.permission.READ_GSERVICES" />
50-->[com.google.android.recaptcha:recaptcha:18.5.1] AndroidManifest.xml:9:5-98
50-->[com.google.android.recaptcha:recaptcha:18.5.1] AndroidManifest.xml:9:22-95
51
52    <uses-feature
52-->[com.google.android.gms:play-services-maps:17.0.0] AndroidManifest.xml:26:5-28:35
53        android:glEsVersion="0x00020000"
53-->[com.google.android.gms:play-services-maps:17.0.0] AndroidManifest.xml:27:9-41
54        android:required="true" />
54-->[com.google.android.gms:play-services-maps:17.0.0] AndroidManifest.xml:28:9-32
55
56    <permission
56-->[androidx.core:core:1.15.0] AndroidManifest.xml:22:5-24:47
57        android:name="com.example.codesgram.DYNAMIC_RECEIVER_NOT_EXPORTED_PERMISSION"
57-->[androidx.core:core:1.15.0] AndroidManifest.xml:23:9-81
58        android:protectionLevel="signature" />
58-->[androidx.core:core:1.15.0] AndroidManifest.xml:24:9-44
59
60    <uses-permission android:name="com.example.codesgram.DYNAMIC_RECEIVER_NOT_EXPORTED_PERMISSION" />
60-->[androidx.core:core:1.15.0] AndroidManifest.xml:26:5-97
60-->[androidx.core:core:1.15.0] AndroidManifest.xml:26:22-94
61
62    <application
62-->src\main\AndroidManifest.xml:8:5-29:19
63        android:allowBackup="true"
63-->src\main\AndroidManifest.xml:9:9-35
64        android:appComponentFactory="androidx.core.app.CoreComponentFactory"
64-->[androidx.core:core:1.15.0] AndroidManifest.xml:28:18-86
65        android:dataExtractionRules="@xml/data_extraction_rules"
65-->src\main\AndroidManifest.xml:10:9-65
66        android:debuggable="true"
67        android:extractNativeLibs="false"
68        android:fullBackupContent="@xml/backup_rules"
68-->src\main\AndroidManifest.xml:11:9-54
69        android:icon="@drawable/launcher"
69-->src\main\AndroidManifest.xml:12:9-42
70        android:label="@string/app_name"
70-->src\main\AndroidManifest.xml:13:9-41
71        android:roundIcon="@drawable/launcher"
71-->src\main\AndroidManifest.xml:14:9-47
72        android:supportsRtl="true"
72-->src\main\AndroidManifest.xml:15:9-35
73        android:testOnly="true"
74        android:theme="@style/Theme.codesgram" >
74-->src\main\AndroidManifest.xml:16:9-47
75        <activity
75-->src\main\AndroidManifest.xml:19:9-27:20
76            android:name="com.example.codesgram.MainActivity"
76-->src\main\AndroidManifest.xml:20:13-41
77            android:exported="true"
77-->src\main\AndroidManifest.xml:21:13-36
78            android:theme="@style/Theme.codesgram" >
78-->src\main\AndroidManifest.xml:22:13-51
79            <intent-filter>
79-->src\main\AndroidManifest.xml:23:13-26:29
80                <action android:name="android.intent.action.MAIN" />
80-->src\main\AndroidManifest.xml:24:17-69
80-->src\main\AndroidManifest.xml:24:25-66
81
82                <category android:name="android.intent.category.LAUNCHER" />
82-->src\main\AndroidManifest.xml:25:17-77
82-->src\main\AndroidManifest.xml:25:27-74
83            </intent-filter>
84        </activity>
85
86        <service
86-->[com.google.firebase:firebase-database-ktx:21.0.0] AndroidManifest.xml:9:9-15:19
87            android:name="com.google.firebase.components.ComponentDiscoveryService"
87-->[com.google.firebase:firebase-database-ktx:21.0.0] AndroidManifest.xml:10:13-84
88            android:directBootAware="true"
88-->[com.google.firebase:firebase-common:21.0.0] AndroidManifest.xml:32:13-43
89            android:exported="false" >
89-->[com.google.firebase:firebase-database-ktx:21.0.0] AndroidManifest.xml:11:13-37
90            <meta-data
90-->[com.google.firebase:firebase-database-ktx:21.0.0] AndroidManifest.xml:12:13-14:85
91                android:name="com.google.firebase.components:com.google.firebase.database.ktx.FirebaseDatabaseLegacyRegistrar"
91-->[com.google.firebase:firebase-database-ktx:21.0.0] AndroidManifest.xml:13:17-127
92                android:value="com.google.firebase.components.ComponentRegistrar" />
92-->[com.google.firebase:firebase-database-ktx:21.0.0] AndroidManifest.xml:14:17-82
93            <meta-data
93-->[com.google.firebase:firebase-firestore:25.1.1] AndroidManifest.xml:17:13-19:85
94                android:name="com.google.firebase.components:com.google.firebase.firestore.FirebaseFirestoreKtxRegistrar"
94-->[com.google.firebase:firebase-firestore:25.1.1] AndroidManifest.xml:18:17-122
95                android:value="com.google.firebase.components.ComponentRegistrar" />
95-->[com.google.firebase:firebase-firestore:25.1.1] AndroidManifest.xml:19:17-82
96            <meta-data
96-->[com.google.firebase:firebase-firestore:25.1.1] AndroidManifest.xml:20:13-22:85
97                android:name="com.google.firebase.components:com.google.firebase.firestore.FirestoreRegistrar"
97-->[com.google.firebase:firebase-firestore:25.1.1] AndroidManifest.xml:21:17-111
98                android:value="com.google.firebase.components.ComponentRegistrar" />
98-->[com.google.firebase:firebase-firestore:25.1.1] AndroidManifest.xml:22:17-82
99            <meta-data
99-->[com.google.firebase:firebase-storage:21.0.1] AndroidManifest.xml:30:13-32:85
100                android:name="com.google.firebase.components:com.google.firebase.storage.FirebaseStorageKtxRegistrar"
100-->[com.google.firebase:firebase-storage:21.0.1] AndroidManifest.xml:31:17-118
101                android:value="com.google.firebase.components.ComponentRegistrar" />
101-->[com.google.firebase:firebase-storage:21.0.1] AndroidManifest.xml:32:17-82
102            <meta-data
102-->[com.google.firebase:firebase-storage:21.0.1] AndroidManifest.xml:33:13-35:85
103                android:name="com.google.firebase.components:com.google.firebase.storage.StorageRegistrar"
103-->[com.google.firebase:firebase-storage:21.0.1] AndroidManifest.xml:34:17-107
104                android:value="com.google.firebase.components.ComponentRegistrar" />
104-->[com.google.firebase:firebase-storage:21.0.1] AndroidManifest.xml:35:17-82
105            <meta-data
105-->[com.google.firebase:firebase-database:21.0.0] AndroidManifest.xml:29:13-31:85
106                android:name="com.google.firebase.components:com.google.firebase.database.FirebaseDatabaseKtxRegistrar"
106-->[com.google.firebase:firebase-database:21.0.0] AndroidManifest.xml:30:17-120
107                android:value="com.google.firebase.components.ComponentRegistrar" />
107-->[com.google.firebase:firebase-database:21.0.0] AndroidManifest.xml:31:17-82
108            <meta-data
108-->[com.google.firebase:firebase-database:21.0.0] AndroidManifest.xml:32:13-34:85
109                android:name="com.google.firebase.components:com.google.firebase.database.DatabaseRegistrar"
109-->[com.google.firebase:firebase-database:21.0.0] AndroidManifest.xml:33:17-109
110                android:value="com.google.firebase.components.ComponentRegistrar" />
110-->[com.google.firebase:firebase-database:21.0.0] AndroidManifest.xml:34:17-82
111            <meta-data
111-->[com.google.firebase:firebase-messaging:24.1.0] AndroidManifest.xml:57:13-59:85
112                android:name="com.google.firebase.components:com.google.firebase.messaging.FirebaseMessagingKtxRegistrar"
112-->[com.google.firebase:firebase-messaging:24.1.0] AndroidManifest.xml:58:17-122
113                android:value="com.google.firebase.components.ComponentRegistrar" />
113-->[com.google.firebase:firebase-messaging:24.1.0] AndroidManifest.xml:59:17-82
114            <meta-data
114-->[com.google.firebase:firebase-messaging:24.1.0] AndroidManifest.xml:60:13-62:85
115                android:name="com.google.firebase.components:com.google.firebase.messaging.FirebaseMessagingRegistrar"
115-->[com.google.firebase:firebase-messaging:24.1.0] AndroidManifest.xml:61:17-119
116                android:value="com.google.firebase.components.ComponentRegistrar" />
116-->[com.google.firebase:firebase-messaging:24.1.0] AndroidManifest.xml:62:17-82
117            <meta-data
117-->[com.google.firebase:firebase-auth:23.1.0] AndroidManifest.xml:69:13-71:85
118                android:name="com.google.firebase.components:com.google.firebase.auth.FirebaseAuthRegistrar"
118-->[com.google.firebase:firebase-auth:23.1.0] AndroidManifest.xml:70:17-109
119                android:value="com.google.firebase.components.ComponentRegistrar" />
119-->[com.google.firebase:firebase-auth:23.1.0] AndroidManifest.xml:71:17-82
120            <meta-data
120-->[com.google.firebase:firebase-appcheck:18.0.0] AndroidManifest.xml:25:13-27:85
121                android:name="com.google.firebase.components:com.google.firebase.appcheck.FirebaseAppCheckKtxRegistrar"
121-->[com.google.firebase:firebase-appcheck:18.0.0] AndroidManifest.xml:26:17-120
122                android:value="com.google.firebase.components.ComponentRegistrar" />
122-->[com.google.firebase:firebase-appcheck:18.0.0] AndroidManifest.xml:27:17-82
123            <meta-data
123-->[com.google.firebase:firebase-appcheck:18.0.0] AndroidManifest.xml:28:13-30:85
124                android:name="com.google.firebase.components:com.google.firebase.appcheck.FirebaseAppCheckRegistrar"
124-->[com.google.firebase:firebase-appcheck:18.0.0] AndroidManifest.xml:29:17-117
125                android:value="com.google.firebase.components.ComponentRegistrar" />
125-->[com.google.firebase:firebase-appcheck:18.0.0] AndroidManifest.xml:30:17-82
126            <meta-data
126-->[com.google.firebase:firebase-installations:18.0.0] AndroidManifest.xml:15:13-17:85
127                android:name="com.google.firebase.components:com.google.firebase.installations.FirebaseInstallationsKtxRegistrar"
127-->[com.google.firebase:firebase-installations:18.0.0] AndroidManifest.xml:16:17-130
128                android:value="com.google.firebase.components.ComponentRegistrar" />
128-->[com.google.firebase:firebase-installations:18.0.0] AndroidManifest.xml:17:17-82
129            <meta-data
129-->[com.google.firebase:firebase-installations:18.0.0] AndroidManifest.xml:18:13-20:85
130                android:name="com.google.firebase.components:com.google.firebase.installations.FirebaseInstallationsRegistrar"
130-->[com.google.firebase:firebase-installations:18.0.0] AndroidManifest.xml:19:17-127
131                android:value="com.google.firebase.components.ComponentRegistrar" />
131-->[com.google.firebase:firebase-installations:18.0.0] AndroidManifest.xml:20:17-82
132            <meta-data
132-->[com.google.firebase:firebase-common-ktx:21.0.0] AndroidManifest.xml:12:13-14:85
133                android:name="com.google.firebase.components:com.google.firebase.ktx.FirebaseCommonLegacyRegistrar"
133-->[com.google.firebase:firebase-common-ktx:21.0.0] AndroidManifest.xml:13:17-116
134                android:value="com.google.firebase.components.ComponentRegistrar" />
134-->[com.google.firebase:firebase-common-ktx:21.0.0] AndroidManifest.xml:14:17-82
135            <meta-data
135-->[com.google.firebase:firebase-common:21.0.0] AndroidManifest.xml:35:13-37:85
136                android:name="com.google.firebase.components:com.google.firebase.FirebaseCommonKtxRegistrar"
136-->[com.google.firebase:firebase-common:21.0.0] AndroidManifest.xml:36:17-109
137                android:value="com.google.firebase.components.ComponentRegistrar" />
137-->[com.google.firebase:firebase-common:21.0.0] AndroidManifest.xml:37:17-82
138            <meta-data
138-->[com.google.firebase:firebase-datatransport:18.2.0] AndroidManifest.xml:25:13-27:85
139                android:name="com.google.firebase.components:com.google.firebase.datatransport.TransportRegistrar"
139-->[com.google.firebase:firebase-datatransport:18.2.0] AndroidManifest.xml:26:17-115
140                android:value="com.google.firebase.components.ComponentRegistrar" />
140-->[com.google.firebase:firebase-datatransport:18.2.0] AndroidManifest.xml:27:17-82
141        </service>
142
143        <receiver
143-->[com.google.firebase:firebase-messaging:24.1.0] AndroidManifest.xml:29:9-40:20
144            android:name="com.google.firebase.iid.FirebaseInstanceIdReceiver"
144-->[com.google.firebase:firebase-messaging:24.1.0] AndroidManifest.xml:30:13-78
145            android:exported="true"
145-->[com.google.firebase:firebase-messaging:24.1.0] AndroidManifest.xml:31:13-36
146            android:permission="com.google.android.c2dm.permission.SEND" >
146-->[com.google.firebase:firebase-messaging:24.1.0] AndroidManifest.xml:32:13-73
147            <intent-filter>
147-->[com.google.firebase:firebase-messaging:24.1.0] AndroidManifest.xml:33:13-35:29
148                <action android:name="com.google.android.c2dm.intent.RECEIVE" />
148-->[com.google.firebase:firebase-messaging:24.1.0] AndroidManifest.xml:34:17-81
148-->[com.google.firebase:firebase-messaging:24.1.0] AndroidManifest.xml:34:25-78
149            </intent-filter>
150
151            <meta-data
151-->[com.google.firebase:firebase-messaging:24.1.0] AndroidManifest.xml:37:13-39:40
152                android:name="com.google.android.gms.cloudmessaging.FINISHED_AFTER_HANDLED"
152-->[com.google.firebase:firebase-messaging:24.1.0] AndroidManifest.xml:38:17-92
153                android:value="true" />
153-->[com.google.firebase:firebase-messaging:24.1.0] AndroidManifest.xml:39:17-37
154        </receiver>
155        <!--
156             FirebaseMessagingService performs security checks at runtime,
157             but set to not exported to explicitly avoid allowing another app to call it.
158        -->
159        <service
159-->[com.google.firebase:firebase-messaging:24.1.0] AndroidManifest.xml:46:9-53:19
160            android:name="com.google.firebase.messaging.FirebaseMessagingService"
160-->[com.google.firebase:firebase-messaging:24.1.0] AndroidManifest.xml:47:13-82
161            android:directBootAware="true"
161-->[com.google.firebase:firebase-messaging:24.1.0] AndroidManifest.xml:48:13-43
162            android:exported="false" >
162-->[com.google.firebase:firebase-messaging:24.1.0] AndroidManifest.xml:49:13-37
163            <intent-filter android:priority="-500" >
163-->[com.google.firebase:firebase-messaging:24.1.0] AndroidManifest.xml:50:13-52:29
163-->[com.google.firebase:firebase-messaging:24.1.0] AndroidManifest.xml:50:28-51
164                <action android:name="com.google.firebase.MESSAGING_EVENT" />
164-->[com.google.firebase:firebase-messaging:24.1.0] AndroidManifest.xml:51:17-78
164-->[com.google.firebase:firebase-messaging:24.1.0] AndroidManifest.xml:51:25-75
165            </intent-filter>
166        </service>
167
168        <activity
168-->[com.google.firebase:firebase-auth:23.1.0] AndroidManifest.xml:29:9-46:20
169            android:name="com.google.firebase.auth.internal.GenericIdpActivity"
169-->[com.google.firebase:firebase-auth:23.1.0] AndroidManifest.xml:30:13-80
170            android:excludeFromRecents="true"
170-->[com.google.firebase:firebase-auth:23.1.0] AndroidManifest.xml:31:13-46
171            android:exported="true"
171-->[com.google.firebase:firebase-auth:23.1.0] AndroidManifest.xml:32:13-36
172            android:launchMode="singleTask"
172-->[com.google.firebase:firebase-auth:23.1.0] AndroidManifest.xml:33:13-44
173            android:theme="@android:style/Theme.Translucent.NoTitleBar" >
173-->[com.google.firebase:firebase-auth:23.1.0] AndroidManifest.xml:34:13-72
174            <intent-filter>
174-->[com.google.firebase:firebase-auth:23.1.0] AndroidManifest.xml:35:13-45:29
175                <action android:name="android.intent.action.VIEW" />
175-->[com.google.firebase:firebase-auth:23.1.0] AndroidManifest.xml:36:17-69
175-->[com.google.firebase:firebase-auth:23.1.0] AndroidManifest.xml:36:25-66
176
177                <category android:name="android.intent.category.DEFAULT" />
177-->[com.google.firebase:firebase-auth:23.1.0] AndroidManifest.xml:38:17-76
177-->[com.google.firebase:firebase-auth:23.1.0] AndroidManifest.xml:38:27-73
178                <category android:name="android.intent.category.BROWSABLE" />
178-->[com.google.firebase:firebase-auth:23.1.0] AndroidManifest.xml:39:17-78
178-->[com.google.firebase:firebase-auth:23.1.0] AndroidManifest.xml:39:27-75
179
180                <data
180-->[com.google.firebase:firebase-auth:23.1.0] AndroidManifest.xml:41:17-44:51
181                    android:host="firebase.auth"
181-->[com.google.firebase:firebase-auth:23.1.0] AndroidManifest.xml:42:21-49
182                    android:path="/"
182-->[com.google.firebase:firebase-auth:23.1.0] AndroidManifest.xml:43:21-37
183                    android:scheme="genericidp" />
183-->[com.google.firebase:firebase-auth:23.1.0] AndroidManifest.xml:44:21-48
184            </intent-filter>
185        </activity>
186        <activity
186-->[com.google.firebase:firebase-auth:23.1.0] AndroidManifest.xml:47:9-64:20
187            android:name="com.google.firebase.auth.internal.RecaptchaActivity"
187-->[com.google.firebase:firebase-auth:23.1.0] AndroidManifest.xml:48:13-79
188            android:excludeFromRecents="true"
188-->[com.google.firebase:firebase-auth:23.1.0] AndroidManifest.xml:49:13-46
189            android:exported="true"
189-->[com.google.firebase:firebase-auth:23.1.0] AndroidManifest.xml:50:13-36
190            android:launchMode="singleTask"
190-->[com.google.firebase:firebase-auth:23.1.0] AndroidManifest.xml:51:13-44
191            android:theme="@android:style/Theme.Translucent.NoTitleBar" >
191-->[com.google.firebase:firebase-auth:23.1.0] AndroidManifest.xml:52:13-72
192            <intent-filter>
192-->[com.google.firebase:firebase-auth:23.1.0] AndroidManifest.xml:53:13-63:29
193                <action android:name="android.intent.action.VIEW" />
193-->[com.google.firebase:firebase-auth:23.1.0] AndroidManifest.xml:36:17-69
193-->[com.google.firebase:firebase-auth:23.1.0] AndroidManifest.xml:36:25-66
194
195                <category android:name="android.intent.category.DEFAULT" />
195-->[com.google.firebase:firebase-auth:23.1.0] AndroidManifest.xml:38:17-76
195-->[com.google.firebase:firebase-auth:23.1.0] AndroidManifest.xml:38:27-73
196                <category android:name="android.intent.category.BROWSABLE" />
196-->[com.google.firebase:firebase-auth:23.1.0] AndroidManifest.xml:39:17-78
196-->[com.google.firebase:firebase-auth:23.1.0] AndroidManifest.xml:39:27-75
197
198                <data
198-->[com.google.firebase:firebase-auth:23.1.0] AndroidManifest.xml:41:17-44:51
199                    android:host="firebase.auth"
199-->[com.google.firebase:firebase-auth:23.1.0] AndroidManifest.xml:42:21-49
200                    android:path="/"
200-->[com.google.firebase:firebase-auth:23.1.0] AndroidManifest.xml:43:21-37
201                    android:scheme="recaptcha" />
201-->[com.google.firebase:firebase-auth:23.1.0] AndroidManifest.xml:44:21-48
202            </intent-filter>
203        </activity>
204        <activity
204-->[androidx.compose.ui:ui-tooling-android:1.7.5] AndroidManifest.xml:23:9-25:39
205            android:name="androidx.compose.ui.tooling.PreviewActivity"
205-->[androidx.compose.ui:ui-tooling-android:1.7.5] AndroidManifest.xml:24:13-71
206            android:exported="true" />
206-->[androidx.compose.ui:ui-tooling-android:1.7.5] AndroidManifest.xml:25:13-36
207
208        <provider
208-->[androidx.emoji2:emoji2:1.3.0] AndroidManifest.xml:24:9-32:20
209            android:name="androidx.startup.InitializationProvider"
209-->[androidx.emoji2:emoji2:1.3.0] AndroidManifest.xml:25:13-67
210            android:authorities="com.example.codesgram.androidx-startup"
210-->[androidx.emoji2:emoji2:1.3.0] AndroidManifest.xml:26:13-68
211            android:exported="false" >
211-->[androidx.emoji2:emoji2:1.3.0] AndroidManifest.xml:27:13-37
212            <meta-data
212-->[androidx.emoji2:emoji2:1.3.0] AndroidManifest.xml:29:13-31:52
213                android:name="androidx.emoji2.text.EmojiCompatInitializer"
213-->[androidx.emoji2:emoji2:1.3.0] AndroidManifest.xml:30:17-75
214                android:value="androidx.startup" />
214-->[androidx.emoji2:emoji2:1.3.0] AndroidManifest.xml:31:17-49
215            <meta-data
215-->[com.razorpay:standard-core:1.6.51] AndroidManifest.xml:57:13-59:52
216                android:name="com.razorpay.RazorpayInitializer"
216-->[com.razorpay:standard-core:1.6.51] AndroidManifest.xml:58:17-64
217                android:value="androidx.startup" />
217-->[com.razorpay:standard-core:1.6.51] AndroidManifest.xml:59:17-49
218            <meta-data
218-->[androidx.lifecycle:lifecycle-process:2.8.7] AndroidManifest.xml:29:13-31:52
219                android:name="androidx.lifecycle.ProcessLifecycleInitializer"
219-->[androidx.lifecycle:lifecycle-process:2.8.7] AndroidManifest.xml:30:17-78
220                android:value="androidx.startup" />
220-->[androidx.lifecycle:lifecycle-process:2.8.7] AndroidManifest.xml:31:17-49
221            <meta-data
221-->[androidx.profileinstaller:profileinstaller:1.3.1] AndroidManifest.xml:29:13-31:52
222                android:name="androidx.profileinstaller.ProfileInstallerInitializer"
222-->[androidx.profileinstaller:profileinstaller:1.3.1] AndroidManifest.xml:30:17-85
223                android:value="androidx.startup" />
223-->[androidx.profileinstaller:profileinstaller:1.3.1] AndroidManifest.xml:31:17-49
224        </provider>
225
226        <activity
226-->[com.razorpay:standard-core:1.6.51] AndroidManifest.xml:42:9-50:20
227            android:name="com.razorpay.CheckoutActivity"
227-->[com.razorpay:standard-core:1.6.51] AndroidManifest.xml:43:13-57
228            android:configChanges="keyboard|keyboardHidden|orientation|screenSize"
228-->[com.razorpay:standard-core:1.6.51] AndroidManifest.xml:44:13-83
229            android:exported="false"
229-->[com.razorpay:standard-core:1.6.51] AndroidManifest.xml:45:13-37
230            android:theme="@style/CheckoutTheme" >
230-->[com.razorpay:standard-core:1.6.51] AndroidManifest.xml:46:13-49
231            <intent-filter>
231-->[com.razorpay:standard-core:1.6.51] AndroidManifest.xml:47:13-49:29
232                <action android:name="android.intent.action.MAIN" />
232-->src\main\AndroidManifest.xml:24:17-69
232-->src\main\AndroidManifest.xml:24:25-66
233            </intent-filter>
234        </activity>
235        <activity
235-->[com.razorpay:standard-core:1.6.51] AndroidManifest.xml:62:9-65:75
236            android:name="com.razorpay.MagicXActivity"
236-->[com.razorpay:standard-core:1.6.51] AndroidManifest.xml:63:13-55
237            android:exported="false"
237-->[com.razorpay:standard-core:1.6.51] AndroidManifest.xml:64:13-37
238            android:theme="@android:style/Theme.Translucent.NoTitleBar" />
238-->[com.razorpay:standard-core:1.6.51] AndroidManifest.xml:65:13-72
239
240        <meta-data
240-->[com.razorpay:standard-core:1.6.51] AndroidManifest.xml:67:9-69:58
241            android:name="com.razorpay.plugin.googlepay_all"
241-->[com.razorpay:standard-core:1.6.51] AndroidManifest.xml:68:13-61
242            android:value="com.razorpay.RzpGpayMerged" />
242-->[com.razorpay:standard-core:1.6.51] AndroidManifest.xml:69:13-55
243
244        <service
244-->[androidx.credentials:credentials-play-services-auth:1.2.0-rc01] AndroidManifest.xml:24:9-32:19
245            android:name="androidx.credentials.playservices.CredentialProviderMetadataHolder"
245-->[androidx.credentials:credentials-play-services-auth:1.2.0-rc01] AndroidManifest.xml:25:13-94
246            android:enabled="true"
246-->[androidx.credentials:credentials-play-services-auth:1.2.0-rc01] AndroidManifest.xml:26:13-35
247            android:exported="false" >
247-->[androidx.credentials:credentials-play-services-auth:1.2.0-rc01] AndroidManifest.xml:27:13-37
248            <meta-data
248-->[androidx.credentials:credentials-play-services-auth:1.2.0-rc01] AndroidManifest.xml:29:13-31:104
249                android:name="androidx.credentials.CREDENTIAL_PROVIDER_KEY"
249-->[androidx.credentials:credentials-play-services-auth:1.2.0-rc01] AndroidManifest.xml:30:17-76
250                android:value="androidx.credentials.playservices.CredentialProviderPlayServicesImpl" />
250-->[androidx.credentials:credentials-play-services-auth:1.2.0-rc01] AndroidManifest.xml:31:17-101
251        </service>
252
253        <activity
253-->[androidx.credentials:credentials-play-services-auth:1.2.0-rc01] AndroidManifest.xml:34:9-41:20
254            android:name="androidx.credentials.playservices.HiddenActivity"
254-->[androidx.credentials:credentials-play-services-auth:1.2.0-rc01] AndroidManifest.xml:35:13-76
255            android:configChanges="orientation|screenSize|screenLayout|keyboardHidden"
255-->[androidx.credentials:credentials-play-services-auth:1.2.0-rc01] AndroidManifest.xml:36:13-87
256            android:enabled="true"
256-->[androidx.credentials:credentials-play-services-auth:1.2.0-rc01] AndroidManifest.xml:37:13-35
257            android:exported="false"
257-->[androidx.credentials:credentials-play-services-auth:1.2.0-rc01] AndroidManifest.xml:38:13-37
258            android:fitsSystemWindows="true"
258-->[androidx.credentials:credentials-play-services-auth:1.2.0-rc01] AndroidManifest.xml:39:13-45
259            android:theme="@style/Theme.Hidden" >
259-->[androidx.credentials:credentials-play-services-auth:1.2.0-rc01] AndroidManifest.xml:40:13-48
260        </activity>
261        <activity